2015/09/15 20:18:22 [error] [system.db.CDbCommand] CDbCommand::fetchAll() failed: SQLSTATE[42S02]: Base table or view not found: 1146 Table 'drawing.music' doesn't exist. The SQL statement executed was: SHOW FULL COLUMNS FROM `music`.
2015/09/15 20:18:22 [error] [exception.CDbException] exception 'CDbException' with message 'The table "music" for active record class "Music" cannot be found in the database.' in /home/admin/nginx/html/yii/framework/db/ar/CActiveRecord.php:2362
Stack trace:
#0 /home/admin/nginx/html/yii/framework/db/ar/CActiveRecord.php(411): CActiveRecordMetaData->__construct(Object(Music))
#1 /home/admin/nginx/html/yii/framework/db/ar/CActiveRecord.php(658): CActiveRecord->getMetaData()
#2 /home/admin/nginx/html/yii/framework/db/ar/CActiveRecord.php(1350): CActiveRecord->getTableSchema()
#3 /home/admin/nginx/html/yii/framework/db/ar/CActiveRecord.php(1470): CActiveRecord->query(Object(CDbCriteria), true)
#4 /home/admin/nginx/html/yii/demos/drawingRoom/protected/controllers/HomeController.php(77): CActiveRecord->findAll(Object(CDbCriteria))
#5 /home/admin/nginx/html/yii/framework/web/actions/CInlineAction.php(49): HomeController->actionIndex()
#6 /home/admin/nginx/html/yii/framework/web/CController.php(308): CInlineAction->runWithParams(Array)
#7 /home/admin/nginx/html/yii/framework/web/CController.php(286): CController->runAction(Object(CInlineAction))
#8 /home/admin/nginx/html/yii/framework/web/CController.php(265): CController->runActionWithFilters(Object(CInlineAction), Array)
#9 /home/admin/nginx/html/yii/framework/web/CWebApplication.php(282): CController->run('')
#10 /home/admin/nginx/html/yii/framework/web/CWebApplication.php(141): CWebApplication->runController('')
#11 /home/admin/nginx/html/yii/framework/base/CApplication.php(180): CWebApplication->processRequest()
#12 /home/admin/nginx/html/yii/demos/drawingRoom/index.php(11): CApplication->run()
#13 {main}
REQUEST_URI=/
---
2015/09/15 20:23:38 [error] [system.db.CDbCommand] CDbCommand::fetchAll() failed: SQLSTATE[42S02]: Base table or view not found: 1146 Table 'drawing.music' doesn't exist. The SQL statement executed was: SHOW FULL COLUMNS FROM `music`.
2015/09/15 20:23:38 [error] [exception.CDbException] exception 'CDbException' with message 'The table "music" for active record class "Music" cannot be found in the database.' in /home/admin/nginx/html/yii/framework/db/ar/CActiveRecord.php:2362
Stack trace:
#0 /home/admin/nginx/html/yii/framework/db/ar/CActiveRecord.php(411): CActiveRecordMetaData->__construct(Object(Music))
#1 /home/admin/nginx/html/yii/framework/db/ar/CActiveRecord.php(658): CActiveRecord->getMetaData()
#2 /home/admin/nginx/html/yii/framework/db/ar/CActiveRecord.php(1350): CActiveRecord->getTableSchema()
#3 /home/admin/nginx/html/yii/framework/db/ar/CActiveRecord.php(1470): CActiveRecord->query(Object(CDbCriteria), true)
#4 /home/admin/nginx/html/yii/demos/drawingRoom/protected/controllers/HomeController.php(77): CActiveRecord->findAll(Object(CDbCriteria))
#5 /home/admin/nginx/html/yii/framework/web/actions/CInlineAction.php(49): HomeController->actionIndex()
#6 /home/admin/nginx/html/yii/framework/web/CController.php(308): CInlineAction->runWithParams(Array)
#7 /home/admin/nginx/html/yii/framework/web/CController.php(286): CController->runAction(Object(CInlineAction))
#8 /home/admin/nginx/html/yii/framework/web/CController.php(265): CController->runActionWithFilters(Object(CInlineAction), Array)
#9 /home/admin/nginx/html/yii/framework/web/CWebApplication.php(282): CController->run('')
#10 /home/admin/nginx/html/yii/framework/web/CWebApplication.php(141): CWebApplication->runController('')
#11 /home/admin/nginx/html/yii/framework/base/CApplication.php(180): CWebApplication->processRequest()
#12 /home/admin/nginx/html/yii/demos/drawingRoom/index.php(11): CApplication->run()
#13 {main}
REQUEST_URI=/
---
2015/09/15 20:23:42 [error] [system.db.CDbCommand] CDbCommand::fetchAll() failed: SQLSTATE[42S02]: Base table or view not found: 1146 Table 'drawing.music' doesn't exist. The SQL statement executed was: SHOW FULL COLUMNS FROM `music`.
2015/09/15 20:23:42 [error] [exception.CDbException] exception 'CDbException' with message 'The table "music" for active record class "Music" cannot be found in the database.' in /home/admin/nginx/html/yii/framework/db/ar/CActiveRecord.php:2362
Stack trace:
#0 /home/admin/nginx/html/yii/framework/db/ar/CActiveRecord.php(411): CActiveRecordMetaData->__construct(Object(Music))
#1 /home/admin/nginx/html/yii/framework/db/ar/CActiveRecord.php(658): CActiveRecord->getMetaData()
#2 /home/admin/nginx/html/yii/framework/db/ar/CActiveRecord.php(1350): CActiveRecord->getTableSchema()
#3 /home/admin/nginx/html/yii/framework/db/ar/CActiveRecord.php(1470): CActiveRecord->query(Object(CDbCriteria), true)
#4 /home/admin/nginx/html/yii/demos/drawingRoom/protected/controllers/HomeController.php(77): CActiveRecord->findAll(Object(CDbCriteria))
#5 /home/admin/nginx/html/yii/framework/web/actions/CInlineAction.php(49): HomeController->actionIndex()
#6 /home/admin/nginx/html/yii/framework/web/CController.php(308): CInlineAction->runWithParams(Array)
#7 /home/admin/nginx/html/yii/framework/web/CController.php(286): CController->runAction(Object(CInlineAction))
#8 /home/admin/nginx/html/yii/framework/web/CController.php(265): CController->runActionWithFilters(Object(CInlineAction), Array)
#9 /home/admin/nginx/html/yii/framework/web/CWebApplication.php(282): CController->run('')
#10 /home/admin/nginx/html/yii/framework/web/CWebApplication.php(141): CWebApplication->runController('')
#11 /home/admin/nginx/html/yii/framework/base/CApplication.php(180): CWebApplication->processRequest()
#12 /home/admin/nginx/html/yii/demos/drawingRoom/index.php(11): CApplication->run()
#13 {main}
REQUEST_URI=/
---
2015/09/15 20:23:45 [error] [system.db.CDbCommand] CDbCommand::fetchAll() failed: SQLSTATE[42S02]: Base table or view not found: 1146 Table 'drawing.music' doesn't exist. The SQL statement executed was: SHOW FULL COLUMNS FROM `music`.
2015/09/15 20:23:45 [error] [exception.CDbException] exception 'CDbException' with message 'The table "music" for active record class "Music" cannot be found in the database.' in /home/admin/nginx/html/yii/framework/db/ar/CActiveRecord.php:2362
Stack trace:
#0 /home/admin/nginx/html/yii/framework/db/ar/CActiveRecord.php(411): CActiveRecordMetaData->__construct(Object(Music))
#1 /home/admin/nginx/html/yii/framework/db/ar/CActiveRecord.php(658): CActiveRecord->getMetaData()
#2 /home/admin/nginx/html/yii/framework/db/ar/CActiveRecord.php(1350): CActiveRecord->getTableSchema()
#3 /home/admin/nginx/html/yii/framework/db/ar/CActiveRecord.php(1470): CActiveRecord->query(Object(CDbCriteria), true)
#4 /home/admin/nginx/html/yii/demos/drawingRoom/protected/controllers/HomeController.php(77): CActiveRecord->findAll(Object(CDbCriteria))
#5 /home/admin/nginx/html/yii/framework/web/actions/CInlineAction.php(49): HomeController->actionIndex()
#6 /home/admin/nginx/html/yii/framework/web/CController.php(308): CInlineAction->runWithParams(Array)
#7 /home/admin/nginx/html/yii/framework/web/CController.php(286): CController->runAction(Object(CInlineAction))
#8 /home/admin/nginx/html/yii/framework/web/CController.php(265): CController->runActionWithFilters(Object(CInlineAction), Array)
#9 /home/admin/nginx/html/yii/framework/web/CWebApplication.php(282): CController->run('')
#10 /home/admin/nginx/html/yii/framework/web/CWebApplication.php(141): CWebApplication->runController('')
#11 /home/admin/nginx/html/yii/framework/base/CApplication.php(180): CWebApplication->processRequest()
#12 /home/admin/nginx/html/yii/demos/drawingRoom/index.php(11): CApplication->run()
#13 {main}
REQUEST_URI=/
---
2015/09/15 20:30:33 [error] [system.db.CDbCommand] CDbCommand::fetchAll() failed: SQLSTATE[42S02]: Base table or view not found: 1146 Table 'drawing.music' doesn't exist. The SQL statement executed was: SHOW FULL COLUMNS FROM `music`.
2015/09/15 20:30:33 [error] [exception.CDbException] exception 'CDbException' with message 'The table "music" for active record class "Music" cannot be found in the database.' in /home/admin/nginx/html/yii/framework/db/ar/CActiveRecord.php:2362
Stack trace:
#0 /home/admin/nginx/html/yii/framework/db/ar/CActiveRecord.php(411): CActiveRecordMetaData->__construct(Object(Music))
#1 /home/admin/nginx/html/yii/framework/db/ar/CActiveRecord.php(658): CActiveRecord->getMetaData()
#2 /home/admin/nginx/html/yii/framework/db/ar/CActiveRecord.php(1350): CActiveRecord->getTableSchema()
#3 /home/admin/nginx/html/yii/framework/db/ar/CActiveRecord.php(1470): CActiveRecord->query(Object(CDbCriteria), true)
#4 /home/admin/nginx/html/yii/demos/drawingRoom/protected/controllers/HomeController.php(77): CActiveRecord->findAll(Object(CDbCriteria))
#5 /home/admin/nginx/html/yii/framework/web/actions/CInlineAction.php(49): HomeController->actionIndex()
#6 /home/admin/nginx/html/yii/framework/web/CController.php(308): CInlineAction->runWithParams(Array)
#7 /home/admin/nginx/html/yii/framework/web/CController.php(286): CController->runAction(Object(CInlineAction))
#8 /home/admin/nginx/html/yii/framework/web/CController.php(265): CController->runActionWithFilters(Object(CInlineAction), Array)
#9 /home/admin/nginx/html/yii/framework/web/CWebApplication.php(282): CController->run('')
#10 /home/admin/nginx/html/yii/framework/web/CWebApplication.php(141): CWebApplication->runController('')
#11 /home/admin/nginx/html/yii/framework/base/CApplication.php(180): CWebApplication->processRequest()
#12 /home/admin/nginx/html/yii/demos/drawingRoom/index.php(11): CApplication->run()
#13 {main}
REQUEST_URI=/
---
2015/09/15 20:43:37 [error] [exception.CHttpException.404] exception 'CHttpException' with message 'The system is unable to find the requested action "index".' in /home/admin/nginx/html/yii/framework/web/CController.php:483
Stack trace:
#0 /home/admin/nginx/html/yii/framework/web/CController.php(270): CController->missingAction('')
#1 /home/admin/nginx/html/yii/framework/web/CWebApplication.php(282): CController->run('')
#2 /home/admin/nginx/html/yii/framework/web/CWebApplication.php(141): CWebApplication->runController('api')
#3 /home/admin/nginx/html/yii/framework/base/CApplication.php(180): CWebApplication->processRequest()
#4 /home/admin/nginx/html/yii/demos/drawingRoom/index.php(11): CApplication->run()
#5 {main}
REQUEST_URI=/api?json=get_like_image&device_id=F988EE7B-95BF-451E-922B-328DAB463FF7
---
2015/09/15 20:43:58 [error] [exception.CHttpException.404] exception 'CHttpException' with message 'The system is unable to find the requested action "index".' in /home/admin/nginx/html/yii/framework/web/CController.php:483
Stack trace:
#0 /home/admin/nginx/html/yii/framework/web/CController.php(270): CController->missingAction('')
#1 /home/admin/nginx/html/yii/framework/web/CWebApplication.php(282): CController->run('')
#2 /home/admin/nginx/html/yii/framework/web/CWebApplication.php(141): CWebApplication->runController('api')
#3 /home/admin/nginx/html/yii/framework/base/CApplication.php(180): CWebApplication->processRequest()
#4 /home/admin/nginx/html/yii/demos/drawingRoom/index.php(11): CApplication->run()
#5 {main}
REQUEST_URI=/api?json=like_image&id=1&device_id=F988EE7B-95BF-451E-922B-328DAB463FF7
---
2015/09/15 20:45:26 [error] [exception.CHttpException.404] exception 'CHttpException' with message 'Unable to resolve the request "login.action".' in /home/admin/nginx/html/yii/framework/web/CWebApplication.php:286
Stack trace:
#0 /home/admin/nginx/html/yii/framework/web/CWebApplication.php(141): CWebApplication->runController('login.action')
#1 /home/admin/nginx/html/yii/framework/base/CApplication.php(180): CWebApplication->processRequest()
#2 /home/admin/nginx/html/yii/demos/drawingRoom/index.php(11): CApplication->run()
#3 {main}
REQUEST_URI=/login.action
---
2015/09/15 20:51:39 [error] [exception.CHttpException.404] exception 'CHttpException' with message 'The system is unable to find the requested action "getImage&tag=11".' in /home/admin/nginx/html/yii/framework/web/CController.php:483
Stack trace:
#0 /home/admin/nginx/html/yii/framework/web/CController.php(270): CController->missingAction('getImage&tag=11')
#1 /home/admin/nginx/html/yii/framework/web/CWebApplication.php(282): CController->run('getImage&tag=11')
#2 /home/admin/nginx/html/yii/framework/web/CWebApplication.php(141): CWebApplication->runController('api/getImage&ta...')
#3 /home/admin/nginx/html/yii/framework/base/CApplication.php(180): CWebApplication->processRequest()
#4 /home/admin/nginx/html/yii/demos/drawingRoom/index.php(11): CApplication->run()
#5 {main}
REQUEST_URI=/api/getImage&tag=11
---
2015/09/15 20:54:30 [error] [exception.CHttpException.404] exception 'CHttpException' with message 'The system is unable to find the requested action "getImage&tag=11".' in /home/admin/nginx/html/yii/framework/web/CController.php:483
Stack trace:
#0 /home/admin/nginx/html/yii/framework/web/CController.php(270): CController->missingAction('getImage&tag=11')
#1 /home/admin/nginx/html/yii/framework/web/CWebApplication.php(282): CController->run('getImage&tag=11')
#2 /home/admin/nginx/html/yii/framework/web/CWebApplication.php(141): CWebApplication->runController('api/getImage&ta...')
#3 /home/admin/nginx/html/yii/framework/base/CApplication.php(180): CWebApplication->processRequest()
#4 /home/admin/nginx/html/yii/demos/drawingRoom/index.php(11): CApplication->run()
#5 {main}
REQUEST_URI=/api/getImage&tag=11
---
2015/09/15 20:54:49 [error] [exception.CHttpException.404] exception 'CHttpException' with message 'The system is unable to find the requested action "getImage&tag=11".' in /home/admin/nginx/html/yii/framework/web/CController.php:483
Stack trace:
#0 /home/admin/nginx/html/yii/framework/web/CController.php(270): CController->missingAction('getImage&tag=11')
#1 /home/admin/nginx/html/yii/framework/web/CWebApplication.php(282): CController->run('getImage&tag=11')
#2 /home/admin/nginx/html/yii/framework/web/CWebApplication.php(141): CWebApplication->runController('api/getImage&ta...')
#3 /home/admin/nginx/html/yii/framework/base/CApplication.php(180): CWebApplication->processRequest()
#4 /home/admin/nginx/html/yii/demos/drawingRoom/index.php(11): CApplication->run()
#5 {main}
REQUEST_URI=/api/getImage&tag=11
---
2015/09/15 20:54:53 [error] [exception.CHttpException.404] exception 'CHttpException' with message 'The system is unable to find the requested action "getImage&tag=11".' in /home/admin/nginx/html/yii/framework/web/CController.php:483
Stack trace:
#0 /home/admin/nginx/html/yii/framework/web/CController.php(270): CController->missingAction('getImage&tag=11')
#1 /home/admin/nginx/html/yii/framework/web/CWebApplication.php(282): CController->run('getImage&tag=11')
#2 /home/admin/nginx/html/yii/framework/web/CWebApplication.php(141): CWebApplication->runController('api/getImage&ta...')
#3 /home/admin/nginx/html/yii/framework/base/CApplication.php(180): CWebApplication->processRequest()
#4 /home/admin/nginx/html/yii/demos/drawingRoom/index.php(11): CApplication->run()
#5 {main}
REQUEST_URI=/api/getImage&tag=11
---
2015/09/15 20:55:08 [error] [system.db.CDbCommand] CDbCommand::fetchAll() failed: SQLSTATE[42000]: Syntax error or access violation: 1064 You have an error in your SQL syntax; check the manual that corresponds to your MySQL server version for the right syntax to use near '' at line 1. The SQL statement executed was: SELECT * FROM `images` `t` WHERE (tag='11' .
2015/09/15 20:55:08 [error] [exception.CDbException] exception 'CDbException' with message 'CDbCommand failed to execute the SQL statement: SQLSTATE[42000]: Syntax error or access violation: 1064 You have an error in your SQL syntax; check the manual that corresponds to your MySQL server version for the right syntax to use near '' at line 1' in /home/admin/nginx/html/yii/framework/db/CDbCommand.php:543
Stack trace:
#0 /home/admin/nginx/html/yii/framework/db/CDbCommand.php(396): CDbCommand->queryInternal('fetchAll', Array, Array)
#1 /home/admin/nginx/html/yii/framework/db/ar/CActiveRecord.php(1351): CDbCommand->queryAll()
#2 /home/admin/nginx/html/yii/framework/db/ar/CActiveRecord.php(1470): CActiveRecord->query(Object(CDbCriteria), true)
#3 /home/admin/nginx/html/yii/demos/drawingRoom/protected/controllers/ApiController.php(54): CActiveRecord->findAll(Object(CDbCriteria))
#4 /home/admin/nginx/html/yii/framework/web/actions/CInlineAction.php(49): ApiController->actionGetImage()
#5 /home/admin/nginx/html/yii/framework/web/CController.php(308): CInlineAction->runWithParams(Array)
#6 /home/admin/nginx/html/yii/framework/web/CController.php(286): CController->runAction(Object(CInlineAction))
#7 /home/admin/nginx/html/yii/framework/web/CController.php(265): CController->runActionWithFilters(Object(CInlineAction), Array)
#8 /home/admin/nginx/html/yii/framework/web/CWebApplication.php(282): CController->run('getImage')
#9 /home/admin/nginx/html/yii/framework/web/CWebApplication.php(141): CWebApplication->runController('api/getImage')
#10 /home/admin/nginx/html/yii/framework/base/CApplication.php(180): CWebApplication->processRequest()
#11 /home/admin/nginx/html/yii/demos/drawingRoom/index.php(11): CApplication->run()
#12 {main}
REQUEST_URI=/api/getImage?tag=11
---
2015/09/15 20:55:54 [error] [exception.CHttpException.404] exception 'CHttpException' with message 'The system is unable to find the requested action "getImage&tag=11".' in /home/admin/nginx/html/yii/framework/web/CController.php:483
Stack trace:
#0 /home/admin/nginx/html/yii/framework/web/CController.php(270): CController->missingAction('getImage&tag=11')
#1 /home/admin/nginx/html/yii/framework/web/CWebApplication.php(282): CController->run('getImage&tag=11')
#2 /home/admin/nginx/html/yii/framework/web/CWebApplication.php(141): CWebApplication->runController('api/getImage&ta...')
#3 /home/admin/nginx/html/yii/framework/base/CApplication.php(180): CWebApplication->processRequest()
#4 /home/admin/nginx/html/yii/demos/drawingRoom/index.php(11): CApplication->run()
#5 {main}
REQUEST_URI=/api/getImage&tag=11
---
2015/09/15 20:56:22 [error] [exception.CHttpException.404] exception 'CHttpException' with message 'The system is unable to find the requested action "getImage&tag=11".' in /home/admin/nginx/html/yii/framework/web/CController.php:483
Stack trace:
#0 /home/admin/nginx/html/yii/framework/web/CController.php(270): CController->missingAction('getImage&tag=11')
#1 /home/admin/nginx/html/yii/framework/web/CWebApplication.php(282): CController->run('getImage&tag=11')
#2 /home/admin/nginx/html/yii/framework/web/CWebApplication.php(141): CWebApplication->runController('api/getImage&ta...')
#3 /home/admin/nginx/html/yii/framework/base/CApplication.php(180): CWebApplication->processRequest()
#4 /home/admin/nginx/html/yii/demos/drawingRoom/index.php(11): CApplication->run()
#5 {main}
REQUEST_URI=/api/getImage&tag=11
---
